
0
1
1111
123
1234
22
25791
Admin
Administrator
FIELD
FILTERCUNT
Gmod
HTTP
NEmHKjTOZFdZYpGhWd
PlcmSpIp
Sammy
Stack
a
a1
a2
a3
aaron
abad
abah
abenavides
abrt
abuseio
account
acojocariu
act1
actnet
adenby
adm
admin
admin2
administrator
adminuser
adonai
adoo
adul
aenache
agent
ahku
ahmad
ajanowicz
akshays
al
alang
alang1
aldo
alex
alif
alirio
allen
alumni
aman
amit
aml
ammin
amministratore
amosdev
ams
ana
andras
andre
andreas
andrei
andy
angelo
anish
ankit
ansible
anuj
apache
apache2
apc
app
applmgr
apps
appuser
arc
arcib
arek
ark
arkserver
arma1
arma3server
aron
arul
aruncs
ashish
atlas
austin
avahi
b
back_newshops
backup17
backuper
backups
basic
bdloan
binbin
bis
bitnami
bitrix
biz
blog
bluetooth
bob
bot
bot1
bot2
botmaster
brady
browser
bsconseil
bsd
bsnl
buddhinis
butter
byj
c
cacti
cajalosandes
candy
cas
casper
cat
cats
ccgitlab
cclabgit
centos
cert
changem
che
chef
chhh
chimistry
christian
chrony
claws
cleaner
cleanstats
clementine
cloud
cloud-user
cmb
cmdb
cmsftp
cmt
content
coupon
cox
crm
cron
cross
cs
csgo
csgoserver
css
csserver
cssserver
cubie
customer
cvs
cychen
cyrus
cyyang
daejeon
dani
dasusr
dasusr1
dasusr2
data
database
dave
david
db
db2admd
db2admin
db2admt
db2as
db2fenc
db2fenc1
db2fenc2
db2fenc3
db2inst1
db2inst2
db2prod
db2test
dbank
dbsql
dbus
dcc
dealer
dealerftp
dealership
debian
debian-spamd
deepanshu
default
defectus
delige
demo
demo2
demo3
democrat
dennis
denton
deploy
deployer
deskres
desktop
dev
developer
digitalocean
digitaloceanuser
digitaluser
dinesh
django
dns
docker
dockerroot
download
draytek
dropbox
ds
dspace
dummy
dvs
dzr
ebook
ec2-user
ecastro
echo
eclipse
editor
edu
edutainment
elastic
elasticsearch
electrum
elib
eric
erpnext
ethesis
etl
fazan
fedora
filip
finance
finplus
firefart
formation
franklin
frappe
fsbc
ftb
ftp
ftp1
ftp_nmc
ftp_user
ftptest
ftpuser
ftpuser1
fuck
garrysmod
gdm
gheghe
ghin
ghindb
ghindbd
ghindbp
ghindbt
ghindev
ghinops
ghost
git
git1
gitlab
gitolite
gitosis
gituser
glassfish
glt
gmodserver
goldtourist
gopher
gpadmin
groups
grzh
gta
guest
guoq
hadi
hadoop
haldeamon
halt
hammer
harry
hduser
henry
hhy
hiroki
homepage
hospital
html
http
hyperic
icinga
iiilinux
import
indra
info
informix
inst02
install
intel
intp
ire
ivan
james
jason
jay
jbb
jboss
jeeva
jenkins
jet
jira
jmeier
joe
jordan
jose
joseluis
josemaria
joseph
julia
kafka
kernel
kisman
kit
kk
lab
laboratory
lava2
lavanderia1
li
liferay
lila
linux
liyang
loadtest
logger
login
m
mac
macintosh
mailman
mailnull
maint
marco
maria
mario
mark
market
master
matrix
matt
mattv
mc
media
metin
michael
microsoft
mike
minecraft
minhazur
mobile
mongo
monitor
motorola
mta
munge
musicbot
musikbot
myroot
mysql
nagios
nas
naseej
nate
net
netrouting
new
newadmin
next
nexus
nfsnobody
nginx
nitish
noc
node
nologin
nora
noreply
ntp
nvp
odoo
ogp_agent
ogpbot
olga
olimex
om
omni
openerp
openvpn
operator
oracle
oracle1
oraprod
packer
partage
patrol
paul
perl
peter
petery
php
php5
pi
pos
postfix
postgres
postgrid
postuser
power
printer
prova
prueba
pruebas
public
pulse
r00t
rack
radio
radvd
radware
rails
redhat
redmine
replicator
riaz
richard
robert
roberts
ronnie
rootuser
router
rpc
rpcuser
rpm
rsync
rtkit
rust
saad
sam
sammy
samp
saslauth
scanner
security
sergio
server
server-pilot
server-pilotuser
serverpilot
serverpilotuser
service
sftp
share
shop1
shoutcast
shoutchast
shutdown
since
sinusbot
smbuser
solaris
sony
spam
spamassasin
spark
specadm
spinner
sql
squid
srvadmin
sshvpn
star
steam
stereo
store
stpi
student
student09
student5
student9
sunos
super
support
susan
svn
sysadmin
sysop
system
takim
target
tcpdump
teacher1
teamspeak
teamspeak3
tech
techuser
telecom
telnet
temp
test
test01
test1
test2
test3
test5
teste
tester
testing
testtest
testuser
thomas
timson
tinkerware
tom
tomahawk
tomcat
tomcat7
tools
toor
tor
toragemgmt
track
trash
ts
ts3
ts3bot
ts3server
ts3srv
ubnt
ubstep
ubuntu
uftp
ultra
update
upload
uploader
usbmuxd
user
user01
user1
user2
user3
userftp
username
usuario
vagrant
vagrant1
vcr
vcsa
vic
victor
vincent
vivek
vmadmin
vmail
vnc
volition
vpn-jp
vpn-sg2
vps
vyatta
vyos
wade
wall
web
webadmin
webftp
weblogic
webmaster
william
windows
wlse
wooxo
wordpress
work
worker
wp
wp-user
www
wxbackp
x
xavier
xbmc
xerox
xiong
xyx
yazid
z
zabbix
zaq1xsw2
zhaopeng
zimeip
znc
