0
1
1111
123
1234
22
25791
Admin
Administrator
CISCO
FIELD
FILTERCUNT
Gmod
HTTP
MySQL
NEmHKjTOZFdZYpGhWd
PlcmSpIp
RPM
Sammy
Stack
USERID
a
a1
a2
a3
aaron
abad
abah
abela
abenavides
abrt
abuseio
account
acojocariu
act1
actnet
ada
adam
adenby
adm
adm1n
admin
admin1
admin2
administra
administrador
administrateur
administrator
adminuser
admln
adonai
adoo
adul
aenache
agent
ahku
ahmad
ahmed
ajanowicz
akshays
al
alang
alang1
aldo
alex
alfresco
alif
alirio
allen
allora
alorena
altbase
alumni
aman
amit
aml
ammin
amministratore
amosdev
ams
ana
andras
andre
andreas
andrei
andy
angelina
angelo
anish
ankit
anonymous
ansible
anuj
apache
apache2
apc
app
appldev
applmgr
apps
appserver
appuser
arc
arcib
arek
ark
arkserver
arlexonline
arma1
arma3server
aron
arul
aruncs
ashish
atlas
austin
avahi
avis
b
back_newshops
backup17
backuper
backuppc
backups
bananapi
basic
bdloan
belinda
betnow
binbin
bis
bitcoin
bitnami
bitrix
biz
bkp
black
blog
bluetooth
bob
bot
bot1
bot2
botmaster
bouncer
brady
browser
bsconseil
bsd
bsnl
buddhinis
butter
byj
c
cacti
cajalosandes
cam
candy
carl
carlos
carol
cas
casper
cat
cats
ccgitlab
cclabgit
centos
centurix
cert
cesar
change
changem
che
chef
chhh
chimistry
choopa
christian
chrome
chrony
cisco
claws
cleaner
cleanstats
clementine
client01
cloud
cloud-user
cmb
cmc
cmdb
cmsftp
cmt
configure
content
coupon
cox
crm
cron
cross
cs
csgo
csgoserver
css
csserver
cssserver
cubie
cucciolo
customer
cvs
cvsroot
cychen
cyrus
cyyang
daejeon
dani
dasusr
dasusr1
dasusr2
data
database
dave
david
db
db2admd
db2admin
db2admt
db2as
db2fenc
db2fenc1
db2fenc2
db2fenc3
db2inst1
db2inst2
db2prod
db2test
dbank
dbsql
dbus
dcc
dealer
dealerftp
dealership
debian
debian-spamd
deepanshu
default
defectus
delige
demo
demo2
demo3
democrat
dennis
denton
deploy
deployer
deskres
desktop
dev
developer
digital
digitalocean
digitaloceanuser
digitaluser
dinesh
dino
django
dns
docker
dockerroot
download
draytek
dropbox
ds
dspace
dummy
dvs
dzr
ebook
ec2-user
ecastro
echo
eclipse
editor
edu
edutainment
elastic
elasticsearch
electrum
elib
elite
elsa
empleado
english
eric
erpnext
eth0
ethesis
etl
f-user
fazan
fcweb
fedora
fileserver
filip
finance
finplus
firefart
foobar
formation
franklin
frappe
freak
fsbc
ftb
ftp
ftp1
ftp_nmc
ftp_user
ftpadmin
ftptest
ftpuser
ftpuser1
fuck
gana
garrysmod
gdm
gentoo
gheghe
ghin
ghindb
ghindbd
ghindbp
ghindbt
ghindev
ghinops
ghost
git
git1
gitlab
gitolite
gitosis
gituser
glassfish
glt
gmodserver
goldtourist
google
gopher
gpadmin
groups
grzh
gta
guest
guoq
hadi
hadoop
haldeamon
halt
hammer
harry
harvard
hate
hcjung
hduser
help
henry
hhy
hiroki
history
homepage
hospital
howard
html
http
hyperic
icinga
iiilinux
ilaria
ilario
import
incoming
indra
ines
info
informix
inst02
install
installer
intel
intp
iolanda
ire
irene
iris
isa
isadmin
italia
iva
ivan
j
jack
jackson
james
jason
java
jay
jbb
jboss
jeeva
jenkins
jessica
jet
jimmy
jira
jlee
jmeier
joe
john
jordan
jose
joseluis
josemaria
joseph
js
julia
kafka
kartel
kermit
kernel
kevin_lin
kisman
kit
kk
kodi
lab
laboratory
lara
laura
lava2
lavanderia1
lavinia
lea
leila
li
liferay
lila
linux
liyang
loadtest
logger
login
luan
m
mac
macintosh
mailman
mailnull
maint
manager
marco
maria
mario
mark
market
martin
master
matrix
matt
mattv
mauricio
mc
mdh
media
metin
mgeweb
michael
microsoft
mike
mine
minecraft
minhazur
mobile
modem
mongo
monitor
monitoring
mother
motorola
mta
munge
music
musicbot
musikbot
myroot
mysql
mythtv
nagios
name
nas
naseej
nate
net
netrouting
network
new
newadmin
next
nexus
nfsnobody
nginx
nitish
noc
node
nologin
nora
noreply
notes
ntp
nvp
nwes
odoo
odroid
office
ogp_agent
ogpbot
olga
olimex
om
omni
oot
openerp
openvpn
operator
oracle
oracle1
oraprod
osmc
packe
packer
paisa
panel
partage
patrol
paul
perl
peter
petery
pgsql
phion
php
php5
pi
pop
pos
postfix
postgres
postgrid
postuser
power
premier
printer
professor
prova
prueba
pruebas
psybnc
public
pul
pulse
r00t
rack
radio
radvd
radware
rails
rancher
readonly
redhat
redmine
replicator
rexter
riaz
richard
richards
robert
roberts
ronnie
root2
rootuser
rosa
router
rpc
rpcuser
rpm
rsync
rtkit
rtorrent
rust
rustserver
sa
saad
sachin
sai
sam
samba
sammy
samp
saslauth
scan
scanner
security
seller
sentry
sergio
server
server-pilot
server-pilotuser
servercsgo
serverpilot
serverpilotuser
service
servidor
setup
sftp
share
shop1
shoutcast
shoutchast
shun
shutdown
simone
since
sinus
sinusbit
sinusbot
site01
siteadmin
sk
smbuser
solaris
sony
spam
spamassasin
spark
specadm
spinner
splash
sql
squid
srduser
srvadmin
sshvpn
staff
star
status
steam
stephane
stereo
stewart
store
stpi
stream
student
student09
student3
student5
student8
student9
sunos
super
supervisor
support
susan
svn
syp
sysadmin
sysop
system
takim
tanulo
target
tcpdump
teacher
teacher1
teamspeak
teamspeak3
tech
techuser
telecom
telnet
temp
tempuser
test
test01
test1
test2
test3
test4
test5
teste
tester
testing
testtest
testuser
thomas
timson
tinkerware
tk
tom
tomahawk
tomcat
tomcat7
tong
tools
toor
tor
toragemgmt
track
train1
trash
ts
ts3
ts3bot
ts3server
ts3sleep
ts3srv
ts3user
tsbot
u1
ubnt
ubstep
ubuntu
uftp
ultra
unix
unlock
update
uplink
upload
uploader
usbmuxd
user
user01
user1
user2
user3
userftp
username
usr
usuario
vagrant
vagrant1
vcr
vcsa
vic
victor
vincent
vivek
vlad
vmadmin
vmail
vnc
vncserver
vncuser
volition
vpn
vpn-jp
vpn-sg2
vps
vyatta
vyos
wade
wall
web
webadmin
webftp
weblogic
webmail
webmaster
webmin
william
windows
wlse
wooxo
wordpress
work
worker
wp
wp-user
wpyan
www
wxbackp
x
xavier
xbmc
xerox
xiong
xxxxxxxxxxxxxxxxxxxxxxxx
xyx
yazid
z
zabbix
zaq1xsw2
zeus
zhaopeng
zimeip
znc
zxlin
