valid user 0 from
valid user 1 from
valid user 1111 from
valid user 123 from
valid user 1234 from
valid user 22 from
valid user 25791 from
valid user Admin from
valid user Administrator from
valid user CISCO from
valid user FIELD from
valid user FILTERCUNT from
valid user Gmod from
valid user HTTP from
valid user MySQL from
valid user NEmHKjTOZFdZYpGhWd from
valid user PlcmSpIp from
valid user RPM from
valid user Sammy from
valid user Stack from
valid user USERID from
valid user a from
valid user a1 from
valid user a2 from
valid user a3 from
valid user aaron from
valid user abad from
valid user abah from
valid user abela from
valid user abenavides from
valid user abrt from
valid user abuseio from
valid user account from
valid user acojocariu from
valid user act1 from
valid user actnet from
valid user ada from
valid user adam from
valid user adenby from
valid user adm from
valid user adm1n from
valid user admin from
valid user admin1 from
valid user admin2 from
valid user administra from
valid user administrador from
valid user administrateur from
valid user administrator from
valid user adminuser from
valid user admln from
valid user adonai from
valid user adoo from
valid user adul from
valid user aenache from
valid user agent from
valid user ahku from
valid user ahmad from
valid user ahmed from
valid user ajanowicz from
valid user akshays from
valid user al from
valid user alang from
valid user alang1 from
valid user aldo from
valid user alex from
valid user alfresco from
valid user alif from
valid user alirio from
valid user allen from
valid user allora from
valid user alorena from
valid user altbase from
valid user alumni from
valid user aman from
valid user amit from
valid user aml from
valid user ammin from
valid user amministratore from
valid user amosdev from
valid user ams from
valid user ana from
valid user andras from
valid user andre from
valid user andreas from
valid user andrei from
valid user andy from
valid user angelina from
valid user angelo from
valid user anish from
valid user ankit from
valid user anonymous from
valid user ansible from
valid user anuj from
valid user apache from
valid user apache2 from
valid user apc from
valid user app from
valid user appldev from
valid user applmgr from
valid user apps from
valid user appserver from
valid user appuser from
valid user arc from
valid user arcib from
valid user arek from
valid user ark from
valid user arkserver from
valid user arlexonline from
valid user arma1 from
valid user arma3server from
valid user aron from
valid user arul from
valid user aruncs from
valid user ashish from
valid user atlas from
valid user austin from
valid user avahi from
valid user avis from
valid user b from
valid user back_newshops from
valid user backup17 from
valid user backuper from
valid user backuppc from
valid user backups from
valid user bananapi from
valid user basic from
valid user bdloan from
valid user belinda from
valid user betnow from
valid user binbin from
valid user bis from
valid user bitcoin from
valid user bitnami from
valid user bitrix from
valid user biz from
valid user bkp from
valid user black from
valid user blog from
valid user bluetooth from
valid user bob from
valid user bot from
valid user bot1 from
valid user bot2 from
valid user botmaster from
valid user bouncer from
valid user brady from
valid user browser from
valid user bsconseil from
valid user bsd from
valid user bsnl from
valid user buddhinis from
valid user butter from
valid user byj from
valid user c from
valid user cacti from
valid user cajalosandes from
valid user cam from
valid user candy from
valid user carl from
valid user carlos from
valid user carol from
valid user cas from
valid user casper from
valid user cat from
valid user cats from
valid user ccgitlab from
valid user cclabgit from
valid user centos from
valid user centurix from
valid user cert from
valid user cesar from
valid user change from
valid user changem from
valid user che from
valid user chef from
valid user chhh from
valid user chimistry from
valid user choopa from
valid user christian from
valid user chrome from
valid user chrony from
valid user cisco from
valid user claws from
valid user cleaner from
valid user cleanstats from
valid user clementine from
valid user client01 from
valid user cloud from
valid user cmb from
valid user cmc from
valid user cmdb from
valid user cmsftp from
valid user cmt from
valid user configure from
valid user content from
valid user coupon from
valid user cox from
valid user crm from
valid user cron from
valid user cross from
valid user cs from
valid user csgo from
valid user csgoserver from
valid user css from
valid user csserver from
valid user cssserver from
valid user cubie from
valid user cucciolo from
valid user customer from
valid user cvs from
valid user cvsroot from
valid user cychen from
valid user cyrus from
valid user cyyang from
valid user daejeon from
valid user dani from
valid user dasusr from
valid user dasusr1 from
valid user dasusr2 from
valid user data from
valid user database from
valid user dave from
valid user david from
valid user db from
valid user db2admd from
valid user db2admin from
valid user db2admt from
valid user db2as from
valid user db2fenc from
valid user db2fenc1 from
valid user db2fenc2 from
valid user db2fenc3 from
valid user db2inst1 from
valid user db2inst2 from
valid user db2prod from
valid user db2test from
valid user dbank from
valid user dbsql from
valid user dbus from
valid user dcc from
valid user dealer from
valid user dealerftp from
valid user dealership from
valid user debian from
valid user deepanshu from
valid user default from
valid user defectus from
valid user delige from
valid user demo from
valid user demo2 from
valid user demo3 from
valid user democrat from
valid user dennis from
valid user denton from
valid user deploy from
valid user deployer from
valid user deskres from
valid user desktop from
valid user dev from
valid user developer from
valid user digital from
valid user digitalocean from
valid user digitaloceanuser from
valid user digitaluser from
valid user dinesh from
valid user dino from
valid user django from
valid user dns from
valid user docker from
valid user dockerroot from
valid user download from
valid user draytek from
valid user dropbox from
valid user ds from
valid user dspace from
valid user dummy from
valid user dvs from
valid user dzr from
valid user ebook from
valid user ecastro from
valid user echo from
valid user eclipse from
valid user editor from
valid user edu from
valid user edutainment from
valid user elastic from
valid user elasticsearch from
valid user electrum from
valid user elib from
valid user elite from
valid user elsa from
valid user empleado from
valid user english from
valid user eric from
valid user erpnext from
valid user eth0 from
valid user ethesis from
valid user etl from
valid user fazan from
valid user fcweb from
valid user fedora from
valid user fileserver from
valid user filip from
valid user finance from
valid user finplus from
valid user firefart from
valid user foobar from
valid user formation from
valid user franklin from
valid user frappe from
valid user freak from
valid user fsbc from
valid user ftb from
valid user ftp from
valid user ftp1 from
valid user ftp_nmc from
valid user ftp_user from
valid user ftpadmin from
valid user ftptest from
valid user ftpuser from
valid user ftpuser1 from
valid user fuck from
valid user gana from
valid user garrysmod from
valid user gdm from
valid user gentoo from
valid user gheghe from
valid user ghin from
valid user ghindb from
valid user ghindbd from
valid user ghindbp from
valid user ghindbt from
valid user ghindev from
valid user ghinops from
valid user ghost from
valid user git from
valid user git1 from
valid user gitlab from
valid user gitolite from
valid user gitosis from
valid user gituser from
valid user glassfish from
valid user glt from
valid user gmodserver from
valid user goldtourist from
valid user google from
valid user gopher from
valid user gpadmin from
valid user groups from
valid user grzh from
valid user gta from
valid user guest from
valid user guoq from
valid user hadi from
valid user hadoop from
valid user haldeamon from
valid user halt from
valid user hammer from
valid user harry from
valid user harvard from
valid user hate from
valid user hcjung from
valid user hduser from
valid user help from
valid user henry from
valid user hhy from
valid user hiroki from
valid user history from
valid user homepage from
valid user hospital from
valid user howard from
valid user html from
valid user http from
valid user hyperic from
valid user icinga from
valid user iiilinux from
valid user ilaria from
valid user ilario from
valid user import from
valid user incoming from
valid user indra from
valid user ines from
valid user info from
valid user informix from
valid user inst02 from
valid user install from
valid user installer from
valid user intel from
valid user intp from
valid user iolanda from
valid user ire from
valid user irene from
valid user iris from
valid user isa from
valid user isadmin from
valid user italia from
valid user iva from
valid user ivan from
valid user j from
valid user jack from
valid user jackson from
valid user james from
valid user jason from
valid user java from
valid user jay from
valid user jbb from
valid user jboss from
valid user jeeva from
valid user jenkins from
valid user jessica from
valid user jet from
valid user jimmy from
valid user jira from
valid user jlee from
valid user jmeier from
valid user joe from
valid user john from
valid user jordan from
valid user jose from
valid user joseluis from
valid user josemaria from
valid user joseph from
valid user js from
valid user julia from
valid user kafka from
valid user kartel from
valid user kermit from
valid user kernel from
valid user kevin_lin from
valid user kisman from
valid user kit from
valid user kk from
valid user kodi from
valid user lab from
valid user laboratory from
valid user lara from
valid user laura from
valid user lava2 from
valid user lavanderia1 from
valid user lavinia from
valid user lea from
valid user leila from
valid user li from
valid user liferay from
valid user lila from
valid user linux from
valid user liyang from
valid user loadtest from
valid user logger from
valid user login from
valid user luan from
valid user m from
valid user mac from
valid user macintosh from
valid user mailman from
valid user mailnull from
valid user maint from
valid user manager from
valid user marco from
valid user maria from
valid user mario from
valid user mark from
valid user market from
valid user martin from
valid user master from
valid user matrix from
valid user matt from
valid user mattv from
valid user mauricio from
valid user mc from
valid user mdh from
valid user media from
valid user metin from
valid user mgeweb from
valid user michael from
valid user microsoft from
valid user mike from
valid user mine from
valid user minecraft from
valid user minhazur from
valid user mobile from
valid user modem from
valid user mongo from
valid user monitor from
valid user monitoring from
valid user mother from
valid user motorola from
valid user mta from
valid user munge from
valid user music from
valid user musicbot from
valid user musikbot from
valid user myroot from
valid user mysql from
valid user mythtv from
valid user nagios from
valid user name from
valid user nas from
valid user naseej from
valid user nate from
valid user net from
valid user netrouting from
valid user network from
valid user new from
valid user newadmin from
valid user next from
valid user nexus from
valid user nfsnobody from
valid user nginx from
valid user nitish from
valid user noc from
valid user node from
valid user nologin from
valid user nora from
valid user noreply from
valid user notes from
valid user ntp from
valid user nvp from
valid user nwes from
valid user odoo from
valid user odroid from
valid user office from
valid user ogp_agent from
valid user ogpbot from
valid user olga from
valid user olimex from
valid user om from
valid user omni from
valid user oot from
valid user openerp from
valid user openvpn from
valid user operator from
valid user oracle from
valid user oracle1 from
valid user oraprod from
valid user osmc from
valid user packe from
valid user packer from
valid user paisa from
valid user panel from
valid user partage from
valid user patrol from
valid user paul from
valid user perl from
valid user peter from
valid user petery from
valid user pgsql from
valid user phion from
valid user php from
valid user php5 from
valid user pi from
valid user pop from
valid user pos from
valid user postfix from
valid user postgres from
valid user postgrid from
valid user postuser from
valid user power from
valid user premier from
valid user printer from
valid user professor from
valid user prova from
valid user prueba from
valid user pruebas from
valid user psybnc from
valid user public from
valid user pul from
valid user pulse from
valid user r00t from
valid user rack from
valid user radio from
valid user radvd from
valid user radware from
valid user rails from
valid user rancher from
valid user readonly from
valid user redhat from
valid user redmine from
valid user replicator from
valid user rexter from
valid user riaz from
valid user richard from
valid user richards from
valid user robert from
valid user roberts from
valid user ronnie from
valid user root2 from
valid user rootuser from
valid user rosa from
valid user router from
valid user rpc from
valid user rpcuser from
valid user rpm from
valid user rsync from
valid user rtkit from
valid user rtorrent from
valid user rust from
valid user rustserver from
valid user sa from
valid user saad from
valid user sachin from
valid user sai from
valid user sam from
valid user samba from
valid user sammy from
valid user samp from
valid user saslauth from
valid user scan from
valid user scanner from
valid user security from
valid user seller from
valid user sentry from
valid user sergio from
valid user server from
valid user servercsgo from
valid user serverpilot from
valid user serverpilotuser from
valid user service from
valid user servidor from
valid user setup from
valid user sftp from
valid user share from
valid user shop1 from
valid user shoutcast from
valid user shoutchast from
valid user shun from
valid user shutdown from
valid user simone from
valid user since from
valid user sinus from
valid user sinusbit from
valid user sinusbot from
valid user site01 from
valid user siteadmin from
valid user sk from
valid user smbuser from
valid user solaris from
valid user sony from
valid user spam from
valid user spamassasin from
valid user spark from
valid user specadm from
valid user spinner from
valid user splash from
valid user sql from
valid user squid from
valid user srduser from
valid user srvadmin from
valid user sshvpn from
valid user staff from
valid user star from
valid user status from
valid user steam from
valid user stephane from
valid user stereo from
valid user stewart from
valid user store from
valid user stpi from
valid user stream from
valid user student from
valid user student09 from
valid user student3 from
valid user student5 from
valid user student8 from
valid user student9 from
valid user sunos from
valid user super from
valid user supervisor from
valid user support from
valid user susan from
valid user svn from
valid user syp from
valid user sysadmin from
valid user sysop from
valid user system from
valid user takim from
valid user tanulo from
valid user target from
valid user tcpdump from
valid user teacher from
valid user teacher1 from
valid user teamspeak from
valid user teamspeak3 from
valid user tech from
valid user techuser from
valid user telecom from
valid user telnet from
valid user temp from
valid user tempuser from
valid user test from
valid user test01 from
valid user test1 from
valid user test2 from
valid user test3 from
valid user test4 from
valid user test5 from
valid user teste from
valid user tester from
valid user testing from
valid user testtest from
valid user testuser from
valid user thomas from
valid user timson from
valid user tinkerware from
valid user tk from
valid user tom from
valid user tomahawk from
valid user tomcat from
valid user tomcat7 from
valid user tong from
valid user tools from
valid user toor from
valid user tor from
valid user toragemgmt from
valid user track from
valid user train1 from
valid user trash from
valid user ts from
valid user ts3 from
valid user ts3bot from
valid user ts3server from
valid user ts3sleep from
valid user ts3srv from
valid user ts3user from
valid user tsbot from
valid user u1 from
valid user ubnt from
valid user ubstep from
valid user ubuntu from
valid user uftp from
valid user ultra from
valid user unix from
valid user unlock from
valid user update from
valid user uplink from
valid user upload from
valid user uploader from
valid user usbmuxd from
valid user user from
valid user user01 from
valid user user1 from
valid user user2 from
valid user user3 from
valid user userftp from
valid user username from
valid user usr from
valid user usuario from
valid user vagrant from
valid user vagrant1 from
valid user vcr from
valid user vcsa from
valid user vic from
valid user victor from
valid user vincent from
valid user vivek from
valid user vlad from
valid user vmadmin from
valid user vmail from
valid user vnc from
valid user vncserver from
valid user vncuser from
valid user volition from
valid user vpn from
valid user vps from
valid user vyatta from
valid user vyos from
valid user wade from
valid user wall from
valid user web from
valid user webadmin from
valid user webftp from
valid user weblogic from
valid user webmail from
valid user webmaster from
valid user webmin from
valid user william from
valid user windows from
valid user wlse from
valid user wooxo from
valid user wordpress from
valid user work from
valid user worker from
valid user wp from
valid user wpyan from
valid user www from
valid user wxbackp from
valid user x from
valid user xavier from
valid user xbmc from
valid user xerox from
valid user xiong from
valid user xxxxxxxxxxxxxxxxxxxxxxxx from
valid user xyx from
valid user yazid from
valid user z from
valid user zabbix from
valid user zaq1xsw2 from
valid user zeus from
valid user zhaopeng from
valid user zimeip from
valid user znc from
valid user zxlin from
